2022-05-02 06:51:23 - Please select interface
2022-05-02 06:58:04 - Pcap is listening...
2022-05-02 06:59:19 - Pcap stop listening
2022-05-02 06:59:19 - path:/home/sandesh/Projects/NGuard/src/cicflowmeter/CICFlowMeter/data/daily/2022-05-02_Flow
2022-05-02 07:01:37 - wlp2s0
2022-05-02 07:01:37 - Pcap is listening...
2022-05-02 07:03:05 - wlp2s0
2022-05-02 07:10:19 - wlp2s0
2022-05-02 07:10:51 - wlp2s0
2022-05-02 07:13:14 - wlp2s0
2022-05-03 07:46:04 - wlp2s0
2022-05-03 08:04:36 - wlp2s0
2022-05-03 08:04:53 - Error while opening file for capture: data/2022-05-03/traffic1.pcap: No such file or directory
2022-05-03 08:09:14 - wlp2s0
2022-05-03 08:09:30 - Error while opening file for capture: data/2022-05-03/traffic1.pcap: No such file or directory
2022-05-03 08:10:19 - wlp2s0
2022-05-03 08:15:26 - wlp2s0
2022-05-03 08:16:09 - wlp2s0
2022-05-03 08:28:47 - wlp2s0
2022-05-03 08:31:28 - Pcap is listening...
2022-05-03 08:31:43 - wlp2s0
2022-05-03 08:33:38 - Pcap stop listening
2022-05-03 08:33:38 - path:/home/sandesh/Projects/NGuard/src/cicflowmeter/CICFlowMeter/data/daily/2022-05-03_Flow
2022-05-03 08:46:31 - wlp2s0
2022-05-03 08:46:31 - Pcap is listening...
2022-05-03 08:46:54 - Pcap is listening...
2022-05-03 08:47:33 - Pcap stop listening
2022-05-03 08:47:33 - path:/home/sandesh/Projects/NGuard/src/cicflowmeter/CICFlowMeter/data/daily/2022-05-03_Flow
2022-05-03 08:47:53 - Pcap is listening...
2022-05-03 08:49:04 - Pcap stop listening
2022-05-03 08:49:04 - path:/home/sandesh/Projects/NGuard/src/cicflowmeter/CICFlowMeter/data/daily/2022-05-03_Flow
2022-05-03 08:49:08 - path:/home/sandesh/Projects/NGuard/src/cicflowmeter/CICFlowMeter/data/daily/2022-05-03_Flow
2022-05-03 08:49:10 - Pcap is listening...
2022-05-03 08:49:17 - Pcap stop listening
2022-05-03 08:49:17 - path:/home/sandesh/Projects/NGuard/src/cicflowmeter/CICFlowMeter/data/daily/2022-05-03_Flow
2022-05-03 08:49:17 - Pcap is listening...
2022-05-03 08:53:23 - Pcap stop listening
2022-05-03 08:53:23 - path:/home/sandesh/Projects/NGuard/src/cicflowmeter/CICFlowMeter/data/daily/2022-05-03_Flow
2022-05-03 08:53:25 - Pcap is listening...
2022-05-03 08:53:47 - wlp2s0
2022-05-03 09:35:15 - wlp2s0
2022-05-03 09:37:14 - wlp2s0
2022-05-03 09:38:51 - wlp2s0
